<?xml version="1.0" encoding="UTF-8"?>
<testsuite name="nl.nanda.account.AatAccountRepoTest" time="0.691" tests="8" errors="0" skipped="0" failures="0">
  <properties>
[...]
</properties>
  <testcase name="testFindAccount" classname="nl.nanda.account.AatAccountRepoTest" time="0.211"/>
  <testcase name="testAccountBalance" classname="nl.nanda.account.AatAccountRepoTest" time="0"/>
  <testcase name="testFindAllAccounts" classname="nl.nanda.account.AatAccountRepoTest" time="0.066"/>
  <testcase name="testFindAccountByName" classname="nl.nanda.account.AatAccountRepoTest" time="0.282"/>
  <testcase name="testFindAccountByUUID" classname="nl.nanda.account.AatAccountRepoTest" time="0.123"/>
  <testcase name="testUpdatingAccountBalanceByQuery" classname="nl.nanda.account.AatAccountRepoTest" time="0.007"/>
  <testcase name="testAccountAmount" classname="nl.nanda.account.AatAccountRepoTest" time="0"/>
  <testcase name="testUpdatingAccountBalance" classname="nl.nanda.account.AatAccountRepoTest" time="0.002"/>
</testsuite>